2020-04-30T17:08:31+00:00 CRITICAL Uncaught Error: Call to undefined function is_woocommerce_activated() in /shared/httpd/woocommerce/htdocs/wp-content/themes/storefront-child-theme-master/functions.php:96
Stack trace:
#0 /shared/httpd/woocommerce/htdocs/wp-includes/class-wp-hook.php(287): storefront_recent_products('')
#1 /shared/httpd/woocommerce/htdocs/wp-includes/class-wp-hook.php(311): WP_Hook->apply_filters(NULL, Array)
#2 /shared/httpd/woocommerce/htdocs/wp-includes/plugin.php(478): WP_Hook->do_action(Array)
#3 /shared/httpd/woocommerce/htdocs/wp-content/themes/storefront/template-homepage.php(32): do_action('homepage')
#4 /shared/httpd/woocommerce/htdocs/wp-includes/template-loader.php(106): include('/shared/httpd/w...')
#5 /shared/httpd/woocommerce/htdocs/wp-blog-header.php(19): require_once('/shared/httpd/w...')
#6 /shared/httpd/woocommerce/htdocs/index.php(17): require('/shared/httpd/w...')
#7 {main}
  thrown in /shared/httpd/woocommerce/htdocs/wp-content/themes/storefront-child-theme-master/functions.php on line 96

2020-04-30T18:37:06+00:00 CRITICAL Uncaught Error: Call to undefined function storefront_html_tag_schema() in /shared/httpd/woocommerce/htdocs/wp-content/themes/storefront-child-theme-master/header.php:12
Stack trace:
#0 /shared/httpd/woocommerce/htdocs/wp-includes/template.php(723): require_once()
#1 /shared/httpd/woocommerce/htdocs/wp-includes/template.php(672): load_template('/shared/httpd/w...', true)
#2 /shared/httpd/woocommerce/htdocs/wp-includes/general-template.php(41): locate_template(Array, true)
#3 /shared/httpd/woocommerce/htdocs/wp-content/themes/storefront/template-homepage.php(15): get_header()
#4 /shared/httpd/woocommerce/htdocs/wp-includes/template-loader.php(106): include('/shared/httpd/w...')
#5 /shared/httpd/woocommerce/htdocs/wp-blog-header.php(19): require_once('/shared/httpd/w...')
#6 /shared/httpd/woocommerce/htdocs/index.php(17): require('/shared/httpd/w...')
#7 {main}
  thrown in /shared/httpd/woocommerce/htdocs/wp-content/themes/storefront-child-theme-master/header.php on line 12

2020-04-30T18:37:10+00:00 CRITICAL Uncaught Error: Call to undefined function storefront_html_tag_schema() in /shared/httpd/woocommerce/htdocs/wp-content/themes/storefront-child-theme-master/header.php:12
Stack trace:
#0 /shared/httpd/woocommerce/htdocs/wp-includes/template.php(723): require_once()
#1 /shared/httpd/woocommerce/htdocs/wp-includes/template.php(672): load_template('/shared/httpd/w...', true)
#2 /shared/httpd/woocommerce/htdocs/wp-includes/general-template.php(41): locate_template(Array, true)
#3 /shared/httpd/woocommerce/htdocs/wp-content/themes/storefront/template-homepage.php(15): get_header()
#4 /shared/httpd/woocommerce/htdocs/wp-includes/template-loader.php(106): include('/shared/httpd/w...')
#5 /shared/httpd/woocommerce/htdocs/wp-blog-header.php(19): require_once('/shared/httpd/w...')
#6 /shared/httpd/woocommerce/htdocs/index.php(17): require('/shared/httpd/w...')
#7 {main}
  thrown in /shared/httpd/woocommerce/htdocs/wp-content/themes/storefront-child-theme-master/header.php on line 12

2020-04-30T18:37:33+00:00 CRITICAL Uncaught Error: Call to undefined function storefront_html_tag_schema() in /shared/httpd/woocommerce/htdocs/wp-content/themes/storefront-child-theme-master/header.php:12
Stack trace:
#0 /shared/httpd/woocommerce/htdocs/wp-includes/template.php(723): require_once()
#1 /shared/httpd/woocommerce/htdocs/wp-includes/template.php(672): load_template('/shared/httpd/w...', true)
#2 /shared/httpd/woocommerce/htdocs/wp-includes/general-template.php(41): locate_template(Array, true)
#3 /shared/httpd/woocommerce/htdocs/wp-content/themes/storefront/template-homepage.php(15): get_header()
#4 /shared/httpd/woocommerce/htdocs/wp-includes/template-loader.php(106): include('/shared/httpd/w...')
#5 /shared/httpd/woocommerce/htdocs/wp-blog-header.php(19): require_once('/shared/httpd/w...')
#6 /shared/httpd/woocommerce/htdocs/index.php(17): require('/shared/httpd/w...')
#7 {main}
  thrown in /shared/httpd/woocommerce/htdocs/wp-content/themes/storefront-child-theme-master/header.php on line 12

2020-04-30T18:48:32+00:00 CRITICAL Uncaught Error: Call to undefined function storefront_html_tag_schema() in /shared/httpd/woocommerce/htdocs/wp-content/themes/storefront-child-theme-master/header.php:12
Stack trace:
#0 /shared/httpd/woocommerce/htdocs/wp-includes/template.php(723): require_once()
#1 /shared/httpd/woocommerce/htdocs/wp-includes/template.php(672): load_template('/shared/httpd/w...', true)
#2 /shared/httpd/woocommerce/htdocs/wp-includes/general-template.php(41): locate_template(Array, true)
#3 /shared/httpd/woocommerce/htdocs/wp-content/themes/storefront/template-homepage.php(15): get_header()
#4 /shared/httpd/woocommerce/htdocs/wp-includes/template-loader.php(106): include('/shared/httpd/w...')
#5 /shared/httpd/woocommerce/htdocs/wp-blog-header.php(19): require_once('/shared/httpd/w...')
#6 /shared/httpd/woocommerce/htdocs/index.php(17): require('/shared/httpd/w...')
#7 {main}
  thrown in /shared/httpd/woocommerce/htdocs/wp-content/themes/storefront-child-theme-master/header.php on line 12

