********************************************************************************
DUPLICATOR-LITE PACKAGE-LOG: 29 April 2020 18:04
NOTICE: Do NOT post to public sites or forums 
********************************************************************************
VERSION:	1.3.30
WORDPRESS:	5.4
PHP INFO:	7.1.33 | SAPI: fpm-fcgi
SERVER:		Apache/2.4.41 (Unix) OpenSSL/1.1.1d 
PHP TIME LIMIT: (0) no time limit imposed 
PHP MAX MEMORY: 4294967296 (512M default) 
MEMORY STACK: 10MB

********************************************************************************
DATABASE:
********************************************************************************
BUILD MODE:   MYSQLDUMP
MYSQLTIMEOUT: 5000
MYSQLDUMP:    Is Supported
MYSQL DUMP ERROR 2

==================================================================================
DUPLICATOR ERROR
Please try again! If the error persists see the Duplicator 'Help' menu.
---------------------------------------------------------------------------------
MESSAGE:
	Shell mysql dump error
DETAILS:
	change Mysql dump engine in PHP mode
TRACE:
	 1. class.pack.database.php : Error (545)
	 2. class.pack.database.php : mysqlDump (187)
	 3. class.pack.php : build (1233)
	 4. ctrl.package.php : runZipBuild (97)
	 5. class-wp-hook.php : duplicator_package_build (287)
	 6. class-wp-hook.php : apply_filters (311)
	 7. plugin.php : do_action (478)
	 8. admin-ajax.php : do_action (175)
==================================================================================


==================================================================================
DUPLICATOR ERROR
Please try again! If the error persists see the Duplicator 'Help' menu.
---------------------------------------------------------------------------------
MESSAGE:
	Runtime error in DUP_Database::Build
DETAILS:
	Exception: Exception: DUPLICATOR ERROR: Please see the 'Package Log' file link below. in /shared/httpd/woocommerce/htdocs/wp-content/plugins/duplicator/classes/class.logging.php:275
Stack trace:
#0 /shared/httpd/woocommerce/htdocs/wp-content/plugins/duplicator/classes/package/class.pack.database.php(545): DUP_Log::Error('Shell mysql dum...', 'change Mysql du...', 1)
#1 /shared/httpd/woocommerce/htdocs/wp-content/plugins/duplicator/classes/package/class.pack.database.php(187): DUP_Database->mysqlDump('mysqldump')
#2 /shared/httpd/woocommerce/htdocs/wp-content/plugins/duplicator/classes/package/class.pack.php(1233): DUP_Database->build(Object(DUP_Package), 1)
#3 /shared/httpd/woocommerce/htdocs/wp-content/plugins/duplicator/ctrls/ctrl.package.php(97): DUP_Package->runZipBuild()
#4 /shared/httpd/woocommerce/htdocs/wp-includes/class-wp-hook.php(287): duplicator_package_build('')
#5 /shared/httpd/woocommerce/htdocs/wp-includes/class-wp-hook.php(311): WP_Hook->apply_filters('', Array)
#6 /shared/httpd/woocommerce/htdocs/wp-includes/plugin.php(478): WP_Hook->do_action(Array)
#7 /shared/httpd/woocommerce/htdocs/wp-admin/admin-ajax.php(175): do_action('wp_ajax_duplica...')
#8 {main}
TRACE:
	 1. class.pack.database.php : Error (222)
	 2. class.pack.php : build (1233)
	 3. ctrl.package.php : runZipBuild (97)
	 4. class-wp-hook.php : duplicator_package_build (287)
	 5. class-wp-hook.php : apply_filters (311)
	 6. plugin.php : do_action (478)
	 7. admin-ajax.php : do_action (175)
==================================================================================

[PHP ERR][NOTICE] MSG:A session had already been started - ignoring session_start() [CODE:8|FILE:/shared/httpd/woocommerce/htdocs/wp-content/plugins/przelewy24-gateway-woocommerce/przelewy24-gateway-woocommerce.php|LINE:10]
DUP_Handler::shutdown, DUP_Handler::error, DUP_Handler::getMessage
